<?xml version="1.0" encoding="UTF-8"?>
<testsuite xmlns:xsi="http://www.w3.org/2001/XMLSchema-instance" xsi:noNamespaceSchemaLocation="https://maven.apache.org/surefire/maven-surefire-plugin/xsd/surefire-test-report.xsd" version="3.0.2" name="com.viana.controller.ClienteControllerTest" time="1.943" tests="4" errors="0" skipped="0" failures="0">
  <properties>
[...]
</properties>
  <testcase name="criar_Sucesso" classname="com.viana.controller.ClienteControllerTest" time="0.047">
    <system-out><![CDATA[2026-03-25T17:11:12.627-03:00  INFO 5496 --- [viana-advocacia] [           main] t.c.s.AnnotationConfigContextLoaderUtils : Could not detect default configuration classes for test class [com.viana.controller.ClienteControllerTest]: ClienteControllerTest does not declare any static, non-private, non-final, nested classes annotated with @Configuration.
2026-03-25T17:11:12.634-03:00  INFO 5496 --- [viana-advocacia] [           main] .b.t.c.SpringBootTestContextBootstrapper : Found @SpringBootConfiguration com.viana.VianaApplication for test class com.viana.controller.ClienteControllerTest
2026-03-25T17:11:12.643-03:00  INFO 5496 --- [viana-advocacia] [           main] o.s.b.d.r.RestartApplicationListener     : Restart disabled due to context in which it is running

  .   ____          _            __ _ _
 /\\ / ___'_ __ _ _(_)_ __  __ _ \ \ \ \
( ( )\___ | '_ | '_| | '_ \/ _` | \ \ \ \
 \\/  ___)| |_)| | | | | || (_| |  ) ) ) )
  '  |____| .__|_| |_|_| |_\__, | / / / /
 =========|_|==============|___/=/_/_/_/

 :: Spring Boot ::                (v3.4.3)

2026-03-25T17:11:12.695-03:00  INFO 5496 --- [viana-advocacia] [           main] c.v.controller.ClienteControllerTest     : Starting ClienteControllerTest using Java 21.0.9 with PID 5496 (started by vitor in C:\Users\vitor\Projetos Javinha\viana\juris-harmony-48\backend)
2026-03-25T17:11:12.696-03:00 DEBUG 5496 --- [viana-advocacia] [           main] c.v.controller.ClienteControllerTest     : Running with Spring Boot v3.4.3, Spring v6.2.3
2026-03-25T17:11:12.696-03:00  INFO 5496 --- [viana-advocacia] [           main] c.v.controller.ClienteControllerTest     : The following 1 profile is active: "test"
2026-03-25T17:11:13.180-03:00  INFO 5496 --- [viana-advocacia] [           main] .s.d.r.c.RepositoryConfigurationDelegate : Bootstrapping Spring Data JPA repositories in DEFAULT mode.
2026-03-25T17:11:13.231-03:00  INFO 5496 --- [viana-advocacia] [           main] .s.d.r.c.RepositoryConfigurationDelegate : Finished Spring Data repository scanning in 45 ms. Found 10 JPA repository interfaces.
2026-03-25T17:11:13.429-03:00  INFO 5496 --- [viana-advocacia] [           main] o.hibernate.jpa.internal.util.LogHelper  : HHH000204: Processing PersistenceUnitInfo [name: default]
2026-03-25T17:11:13.432-03:00  INFO 5496 --- [viana-advocacia] [           main] o.h.c.internal.RegionFactoryInitiator    : HHH000026: Second-level cache disabled
2026-03-25T17:11:13.448-03:00  INFO 5496 --- [viana-advocacia] [           main] o.s.o.j.p.SpringPersistenceUnitInfo      : No LoadTimeWeaver setup: ignoring JPA class transformer
2026-03-25T17:11:13.450-03:00  INFO 5496 --- [viana-advocacia] [           main] com.zaxxer.hikari.HikariDataSource       : HikariPool-2 - Starting...
2026-03-25T17:11:13.451-03:00  INFO 5496 --- [viana-advocacia] [           main] com.zaxxer.hikari.pool.HikariPool        : HikariPool-2 - Added connection conn10: url=jdbc:h2:mem:testdb user=SA
2026-03-25T17:11:13.451-03:00  INFO 5496 --- [viana-advocacia] [           main] com.zaxxer.hikari.HikariDataSource       : HikariPool-2 - Start completed.
2026-03-25T17:11:13.452-03:00  WARN 5496 --- [viana-advocacia] [           main] org.hibernate.orm.deprecation            : HHH90000025: H2Dialect does not need to be specified explicitly using 'hibernate.dialect' (remove the property setting and it will be selected by default)
2026-03-25T17:11:13.453-03:00  INFO 5496 --- [viana-advocacia] [           main] org.hibernate.orm.connections.pooling    : HHH10001005: Database info:
	Database JDBC URL [Connecting through datasource 'HikariDataSource (HikariPool-2)']
	Database driver: undefined/unknown
	Database version: 2.3.232
	Autocommit mode: undefined/unknown
	Isolation level: undefined/unknown
	Minimum pool size: undefined/unknown
	Maximum pool size: undefined/unknown
2026-03-25T17:11:13.661-03:00  INFO 5496 --- [viana-advocacia] [           main] o.h.e.t.j.p.i.JtaPlatformInitiator       : HHH000489: No JTA platform available (set 'hibernate.transaction.jta.platform' to enable JTA platform integration)
2026-03-25T17:11:13.707-03:00  INFO 5496 --- [viana-advocacia] [           main] j.LocalContainerEntityManagerFactoryBean : Initialized JPA EntityManagerFactory for persistence unit 'default'
2026-03-25T17:11:13.764-03:00  INFO 5496 --- [viana-advocacia] [           main] eAuthenticationProviderManagerConfigurer : Global AuthenticationManager configured with AuthenticationProvider bean with name authenticationProvider
2026-03-25T17:11:13.765-03:00  WARN 5496 --- [viana-advocacia] [           main] r$InitializeUserDetailsManagerConfigurer : Global AuthenticationManager configured with an AuthenticationProvider bean. UserDetailsService beans will not be used by Spring Security for automatically configuring username/password login. Consider removing the AuthenticationProvider bean. Alternatively, consider using the UserDetailsService in a manually instantiated DaoAuthenticationProvider. If the current configuration is intentional, to turn off this warning, increase the logging level of 'org.springframework.security.config.annotation.authentication.configuration.InitializeUserDetailsBeanManagerConfigurer' to ERROR
2026-03-25T17:11:14.172-03:00 DEBUG 5496 --- [viana-advocacia] [           main] o.s.s.web.DefaultSecurityFilterChain     : Will secure any request with filters: DisableEncodeUrlFilter, WebAsyncManagerIntegrationFilter, SecurityContextHolderFilter, HeaderWriterFilter, CorsFilter, LogoutFilter, JwtAuthenticationFilter, RequestCacheAwareFilter, SecurityContextHolderAwareRequestFilter, AnonymousAuthenticationFilter, SessionManagementFilter, ExceptionTranslationFilter, AuthorizationFilter
2026-03-25T17:11:14.440-03:00 DEBUG 5496 --- [viana-advocacia] [           main] c.v.security.JwtAuthenticationFilter     : Filter 'jwtAuthenticationFilter' configured for use
2026-03-25T17:11:14.441-03:00  INFO 5496 --- [viana-advocacia] [           main] o.s.b.t.m.w.SpringBootMockServletContext : Initializing Spring TestDispatcherServlet ''
2026-03-25T17:11:14.441-03:00  INFO 5496 --- [viana-advocacia] [           main] o.s.t.web.servlet.TestDispatcherServlet  : Initializing Servlet ''
2026-03-25T17:11:14.442-03:00  INFO 5496 --- [viana-advocacia] [           main] o.s.t.web.servlet.TestDispatcherServlet  : Completed initialization in 1 ms
2026-03-25T17:11:14.453-03:00  INFO 5496 --- [viana-advocacia] [           main] c.v.controller.ClienteControllerTest     : Started ClienteControllerTest in 1.811 seconds (process running for 17.093)
2026-03-25T17:11:14.485-03:00 DEBUG 5496 --- [viana-advocacia] [           main] o.s.security.web.FilterChainProxy        : Securing POST /api/clientes
2026-03-25T17:11:14.486-03:00 DEBUG 5496 --- [viana-advocacia] [           main] o.s.security.web.FilterChainProxy        : Secured POST /api/clientes
]]></system-out>
  </testcase>
  <testcase name="listar_Autenticado" classname="com.viana.controller.ClienteControllerTest" time="0.036">
    <system-out><![CDATA[2026-03-25T17:11:14.515-03:00 DEBUG 5496 --- [viana-advocacia] [           main] o.s.security.web.FilterChainProxy        : Securing GET /api/clientes
2026-03-25T17:11:14.515-03:00 DEBUG 5496 --- [viana-advocacia] [           main] o.s.security.web.FilterChainProxy        : Secured GET /api/clientes
2026-03-25T17:11:14.528-03:00  WARN 5496 --- [viana-advocacia] [           main] ration$PageModule$WarningLoggingModifier : Serializing PageImpl instances as-is is not supported, meaning that there is no guarantee about the stability of the resulting JSON structure!
	For a stable JSON structure, please use Spring Data's PagedModel (globally via @EnableSpringDataWebSupport(pageSerializationMode = VIA_DTO))
	or Spring HATEOAS and Spring Data's PagedResourcesAssembler as documented in https://docs.spring.io/spring-data/commons/reference/repositories/core-extensions.html#core.web.pageables.

]]></system-out>
  </testcase>
  <testcase name="buscar_NaoAutenticado" classname="com.viana.controller.ClienteControllerTest" time="0.009">
    <system-out><![CDATA[2026-03-25T17:11:14.548-03:00 DEBUG 5496 --- [viana-advocacia] [           main] o.s.security.web.FilterChainProxy        : Securing GET /api/clientes
2026-03-25T17:11:14.548-03:00 DEBUG 5496 --- [viana-advocacia] [           main] o.s.s.w.a.AnonymousAuthenticationFilter  : Set SecurityContextHolder to anonymous SecurityContext
2026-03-25T17:11:14.549-03:00 DEBUG 5496 --- [viana-advocacia] [           main] o.s.s.w.a.Http403ForbiddenEntryPoint     : Pre-authenticated entry point called. Rejecting access
]]></system-out>
  </testcase>
  <testcase name="criar_BadRequest" classname="com.viana.controller.ClienteControllerTest" time="0.014">
    <system-out><![CDATA[2026-03-25T17:11:14.559-03:00 DEBUG 5496 --- [viana-advocacia] [           main] o.s.security.web.FilterChainProxy        : Securing POST /api/clientes
2026-03-25T17:11:14.559-03:00 DEBUG 5496 --- [viana-advocacia] [           main] o.s.security.web.FilterChainProxy        : Secured POST /api/clientes
]]></system-out>
  </testcase>
</testsuite>