<?xml version="1.0" encoding="UTF-8"?>
<testsuite xmlns:xsi="http://www.w3.org/2001/XMLSchema-instance" xsi:noNamespaceSchemaLocation="https://maven.apache.org/surefire/maven-surefire-plugin/xsd/surefire-test-report.xsd" version="3.0.2" name="com.viana.repository.ClienteRepositoryTest" time="1.439" tests="3" errors="0" skipped="0" failures="0">
  <properties>
[...]
</properties>
  <testcase name="existsByCpfCnpj" classname="com.viana.repository.ClienteRepositoryTest" time="0.637">
    <system-out><![CDATA[2026-03-25T17:11:19.348-03:00  INFO 5496 --- [viana-advocacia] [           main] t.c.s.AnnotationConfigContextLoaderUtils : Could not detect default configuration classes for test class [com.viana.repository.ClienteRepositoryTest]: ClienteRepositoryTest does not declare any static, non-private, non-final, nested classes annotated with @Configuration.
2026-03-25T17:11:19.373-03:00  INFO 5496 --- [viana-advocacia] [           main] .b.t.c.SpringBootTestContextBootstrapper : Found @SpringBootConfiguration com.viana.VianaApplication for test class com.viana.repository.ClienteRepositoryTest
2026-03-25T17:11:19.376-03:00  INFO 5496 --- [viana-advocacia] [           main] o.s.b.d.r.RestartApplicationListener     : Restart disabled due to context in which it is running

  .   ____          _            __ _ _
 /\\ / ___'_ __ _ _(_)_ __  __ _ \ \ \ \
( ( )\___ | '_ | '_| | '_ \/ _` | \ \ \ \
 \\/  ___)| |_)| | | | | || (_| |  ) ) ) )
  '  |____| .__|_| |_|_| |_\__, | / / / /
 =========|_|==============|___/=/_/_/_/

 :: Spring Boot ::                (v3.4.3)

2026-03-25T17:11:19.389-03:00  INFO 5496 --- [viana-advocacia] [           main] c.v.repository.ClienteRepositoryTest     : Starting ClienteRepositoryTest using Java 21.0.9 with PID 5496 (started by vitor in C:\Users\vitor\Projetos Javinha\viana\juris-harmony-48\backend)
2026-03-25T17:11:19.389-03:00 DEBUG 5496 --- [viana-advocacia] [           main] c.v.repository.ClienteRepositoryTest     : Running with Spring Boot v3.4.3, Spring v6.2.3
2026-03-25T17:11:19.389-03:00  INFO 5496 --- [viana-advocacia] [           main] c.v.repository.ClienteRepositoryTest     : The following 1 profile is active: "test"
2026-03-25T17:11:19.493-03:00  INFO 5496 --- [viana-advocacia] [           main] .s.d.r.c.RepositoryConfigurationDelegate : Bootstrapping Spring Data JPA repositories in DEFAULT mode.
2026-03-25T17:11:19.508-03:00  INFO 5496 --- [viana-advocacia] [           main] .s.d.r.c.RepositoryConfigurationDelegate : Finished Spring Data repository scanning in 17 ms. Found 10 JPA repository interfaces.
2026-03-25T17:11:19.524-03:00  INFO 5496 --- [viana-advocacia] [           main] beddedDataSourceBeanFactoryPostProcessor : Replacing 'dataSource' DataSource bean with embedded version
2026-03-25T17:11:19.551-03:00  INFO 5496 --- [viana-advocacia] [           main] o.s.j.d.e.EmbeddedDatabaseFactory        : Starting embedded database: url='jdbc:h2:mem:3e6f3139-df43-45c0-addc-a830db3aa10f;DB_CLOSE_DELAY=-1;DB_CLOSE_ON_EXIT=false', username='sa'
2026-03-25T17:11:19.574-03:00  INFO 5496 --- [viana-advocacia] [           main] o.hibernate.jpa.internal.util.LogHelper  : HHH000204: Processing PersistenceUnitInfo [name: default]
2026-03-25T17:11:19.576-03:00  INFO 5496 --- [viana-advocacia] [           main] o.h.c.internal.RegionFactoryInitiator    : HHH000026: Second-level cache disabled
2026-03-25T17:11:19.576-03:00  INFO 5496 --- [viana-advocacia] [           main] o.s.o.j.p.SpringPersistenceUnitInfo      : No LoadTimeWeaver setup: ignoring JPA class transformer
2026-03-25T17:11:19.586-03:00  WARN 5496 --- [viana-advocacia] [           main] org.hibernate.orm.deprecation            : HHH90000025: H2Dialect does not need to be specified explicitly using 'hibernate.dialect' (remove the property setting and it will be selected by default)
2026-03-25T17:11:19.586-03:00  INFO 5496 --- [viana-advocacia] [           main] org.hibernate.orm.connections.pooling    : HHH10001005: Database info:
	Database JDBC URL [Connecting through datasource 'org.springframework.jdbc.datasource.embedded.EmbeddedDatabaseFactory$EmbeddedDataSourceProxy@5a8ea89b']
	Database driver: undefined/unknown
	Database version: 2.3.232
	Autocommit mode: undefined/unknown
	Isolation level: undefined/unknown
	Minimum pool size: undefined/unknown
	Maximum pool size: undefined/unknown
2026-03-25T17:11:19.781-03:00  INFO 5496 --- [viana-advocacia] [           main] o.h.e.t.j.p.i.JtaPlatformInitiator       : HHH000489: No JTA platform available (set 'hibernate.transaction.jta.platform' to enable JTA platform integration)
Hibernate: 
    drop table if exists clientes cascade 
Hibernate: 
    drop table if exists documentos cascade 
Hibernate: 
    drop table if exists logs_auditoria cascade 
Hibernate: 
    drop table if exists movimentacoes cascade 
Hibernate: 
    drop table if exists notificacoes cascade 
Hibernate: 
    drop table if exists pastas cascade 
Hibernate: 
    drop table if exists prazos cascade 
Hibernate: 
    drop table if exists processos cascade 
Hibernate: 
    drop table if exists unidades cascade 
Hibernate: 
    drop table if exists usuarios cascade 
Hibernate: 
    create table clientes (
        ativo boolean not null,
        data_cadastro date not null,
        estado varchar(2),
        atualizado_em timestamp(6),
        criado_em timestamp(6) not null,
        advogado_id uuid,
        id uuid not null,
        unidade_id uuid not null,
        cpf_cnpj varchar(20) not null unique,
        telefone varchar(20),
        cidade varchar(100),
        email varchar(200),
        nome varchar(200) not null,
        tipo enum ('PESSOA_FISICA','PESSOA_JURIDICA') not null,
        primary key (id)
    )
Hibernate: 
    create table documentos (
        data_upload timestamp(6) not null,
        tamanho_bytes bigint not null,
        cliente_id uuid,
        id uuid not null,
        pasta_id uuid,
        processo_id uuid,
        uploaded_por uuid not null,
        tipo varchar(20) not null,
        nome varchar(300) not null,
        storage_key varchar(500) not null,
        categoria enum ('COMPROVANTE','CONTRATO','OUTROS','PETICAO','PROCURACAO','RECURSO','SENTENCA') not null,
        primary key (id)
    )
Hibernate: 
    create table logs_auditoria (
        data_hora timestamp(6) not null,
        id uuid not null,
        usuario_id uuid not null,
        ip varchar(45),
        descricao TEXT not null,
        acao enum ('ACESSOU','BAIXOU','CRIOU','EDITOU','EXCLUIU','FEZ_UPLOAD','VISUALIZOU') not null,
        modulo enum ('CLIENTES','DOCUMENTOS','FINANCEIRO','PRAZOS','PROCESSOS','SISTEMA','USUARIOS') not null,
        primary key (id)
    )
Hibernate: 
    create table movimentacoes (
        data date not null,
        id uuid not null,
        processo_id uuid not null,
        descricao TEXT not null,
        tipo enum ('AUDIENCIA','DESPACHO','OUTRO','PETICAO','PUBLICACAO','SENTENCA') not null,
        primary key (id)
    )
Hibernate: 
    create table notificacoes (
        lida boolean not null,
        criada_em timestamp(6) not null,
        id uuid not null,
        usuario_id uuid not null,
        link varchar(50),
        titulo varchar(200) not null,
        descricao TEXT not null,
        tipo enum ('DOCUMENTO','FINANCEIRO','PRAZO','SISTEMA') not null,
        primary key (id)
    )
Hibernate: 
    create table pastas (
        cliente_id uuid,
        id uuid not null,
        parent_id uuid,
        processo_id uuid,
        nome varchar(200) not null,
        primary key (id)
    )
Hibernate: 
    create table prazos (
        concluido boolean not null,
        data date not null,
        hora time(6),
        criado_em timestamp(6) not null,
        advogado_id uuid,
        id uuid not null,
        processo_id uuid,
        unidade_id uuid,
        titulo varchar(200) not null,
        descricao TEXT,
        prioridade enum ('ALTA','BAIXA','MEDIA') not null,
        tipo enum ('AUDIENCIA','PRAZO_PROCESSUAL','REUNIAO','TAREFA_INTERNA') not null,
        primary key (id)
    )
Hibernate: 
    create table processos (
        data_distribuicao date,
        proximo_prazo date,
        ultima_movimentacao date,
        valor_causa numeric(15,2),
        atualizado_em timestamp(6),
        criado_em timestamp(6) not null,
        advogado_id uuid not null,
        cliente_id uuid not null,
        id uuid not null,
        unidade_id uuid not null,
        numero varchar(30) not null unique,
        tribunal varchar(50),
        vara varchar(100),
        descricao TEXT,
        status enum ('AGUARDANDO','ARQUIVADO','CONCLUIDO','EM_ANDAMENTO','SUSPENSO','URGENTE') not null,
        tipo enum ('ADMINISTRATIVO','CIVEL','CRIMINAL','EMPRESARIAL','FAMILIA','PREVIDENCIARIO','TRABALHISTA','TRIBUTARIO') not null,
        primary key (id)
    )
Hibernate: 
    create table unidades (
        estado varchar(2) not null,
        id uuid not null,
        cidade varchar(100) not null,
        nome varchar(100) not null,
        primary key (id)
    )
Hibernate: 
    create table usuarios (
        ativo boolean not null,
        atualizado_em timestamp(6),
        criado_em timestamp(6) not null,
        id uuid not null,
        unidade_id uuid not null,
        oab varchar(20),
        cargo varchar(100),
        nome varchar(150) not null,
        email varchar(200) not null unique,
        senha_hash varchar(255) not null,
        papel enum ('ADMINISTRADOR','ADVOGADO','SECRETARIA') not null,
        primary key (id)
    )
Hibernate: 
    alter table if exists clientes 
       add constraint FK173iiikjtvq4qtsddwleprpwf 
       foreign key (advogado_id) 
       references usuarios
Hibernate: 
    alter table if exists clientes 
       add constraint FK3mh3r9tylfrjca1neldih2dj0 
       foreign key (unidade_id) 
       references unidades
Hibernate: 
    alter table if exists documentos 
       add constraint FKnokfh9y0gk86f0nd7quy3b0gp 
       foreign key (cliente_id) 
       references clientes
Hibernate: 
    alter table if exists documentos 
       add constraint FK7a2n0ou9j3r1w0n2t9jg2xivq 
       foreign key (pasta_id) 
       references pastas
Hibernate: 
    alter table if exists documentos 
       add constraint FKfb570y730lhft7jgfbf99o8ho 
       foreign key (processo_id) 
       references processos
Hibernate: 
    alter table if exists documentos 
       add constraint FKh5q78my0ieb7akwdp4xxwky85 
       foreign key (uploaded_por) 
       references usuarios
Hibernate: 
    alter table if exists logs_auditoria 
       add constraint FK9hlugdhnm6y2ejewa5vb3yhpd 
       foreign key (usuario_id) 
       references usuarios
Hibernate: 
    alter table if exists movimentacoes 
       add constraint FK72be9yqjwsf3c2e1bhuv083n4 
       foreign key (processo_id) 
       references processos
Hibernate: 
    alter table if exists notificacoes 
       add constraint FK3jcnk0ggmxklk5sjxm2plk5ml 
       foreign key (usuario_id) 
       references usuarios
Hibernate: 
    alter table if exists pastas 
       add constraint FK965te7qvdmobfhxmrk8l42ue6 
       foreign key (cliente_id) 
       references clientes
Hibernate: 
    alter table if exists pastas 
       add constraint FKhicfxkl2mw44ssuvbys8gv1lh 
       foreign key (parent_id) 
       references pastas
Hibernate: 
    alter table if exists pastas 
       add constraint FKcqo37nsjknkjg4d915hqymq8p 
       foreign key (processo_id) 
       references processos
Hibernate: 
    alter table if exists prazos 
       add constraint FK71jlgjuv4xmjiwsmyi87w6y1e 
       foreign key (advogado_id) 
       references usuarios
Hibernate: 
    alter table if exists prazos 
       add constraint FK1npw2xx6rawnrut38dngqnmpx 
       foreign key (processo_id) 
       references processos
Hibernate: 
    alter table if exists prazos 
       add constraint FK3ys0wwu8txqs8xp3af2rq7kj7 
       foreign key (unidade_id) 
       references unidades
Hibernate: 
    alter table if exists processos 
       add constraint FK1410moerlsdgfdgsmij3iv214 
       foreign key (advogado_id) 
       references usuarios
Hibernate: 
    alter table if exists processos 
       add constraint FK8150etry51raovwqib9unmf08 
       foreign key (cliente_id) 
       references clientes
Hibernate: 
    alter table if exists processos 
       add constraint FK4lts1vyxxsqk5arxfywgxhjgn 
       foreign key (unidade_id) 
       references unidades
Hibernate: 
    alter table if exists usuarios 
       add constraint FKe67iu4m1ujgvwkevdvmib6967 
       foreign key (unidade_id) 
       references unidades
2026-03-25T17:11:19.826-03:00  INFO 5496 --- [viana-advocacia] [           main] j.LocalContainerEntityManagerFactoryBean : Initialized JPA EntityManagerFactory for persistence unit 'default'
2026-03-25T17:11:19.968-03:00  INFO 5496 --- [viana-advocacia] [           main] c.v.repository.ClienteRepositoryTest     : Started ClienteRepositoryTest in 0.592 seconds (process running for 22.609)
Hibernate: 
    insert 
    into
        unidades
        (cidade, estado, nome, id) 
    values
        (?, ?, ?, ?)
Hibernate: 
    insert 
    into
        unidades
        (cidade, estado, nome, id) 
    values
        (?, ?, ?, ?)
Hibernate: 
    insert 
    into
        clientes
        (advogado_id, ativo, atualizado_em, cidade, cpf_cnpj, criado_em, data_cadastro, email, estado, nome, telefone, tipo, unidade_id, id) 
    values
        (?, ?, ?, ?, ?, ?, ?, ?, ?, ?, ?, ?, ?, ?)
Hibernate: 
    insert 
    into
        clientes
        (advogado_id, ativo, atualizado_em, cidade, cpf_cnpj, criado_em, data_cadastro, email, estado, nome, telefone, tipo, unidade_id, id) 
    values
        (?, ?, ?, ?, ?, ?, ?, ?, ?, ?, ?, ?, ?, ?)
Hibernate: 
    insert 
    into
        clientes
        (advogado_id, ativo, atualizado_em, cidade, cpf_cnpj, criado_em, data_cadastro, email, estado, nome, telefone, tipo, unidade_id, id) 
    values
        (?, ?, ?, ?, ?, ?, ?, ?, ?, ?, ?, ?, ?, ?)
Hibernate: 
    select
        c1_0.id 
    from
        clientes c1_0 
    where
        c1_0.cpf_cnpj=? 
    fetch
        first ? rows only
Hibernate: 
    select
        c1_0.id 
    from
        clientes c1_0 
    where
        c1_0.cpf_cnpj=? 
    fetch
        first ? rows only
]]></system-out>
  </testcase>
  <testcase name="findAllWithFilters" classname="com.viana.repository.ClienteRepositoryTest" time="0.091">
    <system-out><![CDATA[Hibernate: 
    insert 
    into
        unidades
        (cidade, estado, nome, id) 
    values
        (?, ?, ?, ?)
Hibernate: 
    insert 
    into
        unidades
        (cidade, estado, nome, id) 
    values
        (?, ?, ?, ?)
Hibernate: 
    insert 
    into
        clientes
        (advogado_id, ativo, atualizado_em, cidade, cpf_cnpj, criado_em, data_cadastro, email, estado, nome, telefone, tipo, unidade_id, id) 
    values
        (?, ?, ?, ?, ?, ?, ?, ?, ?, ?, ?, ?, ?, ?)
Hibernate: 
    insert 
    into
        clientes
        (advogado_id, ativo, atualizado_em, cidade, cpf_cnpj, criado_em, data_cadastro, email, estado, nome, telefone, tipo, unidade_id, id) 
    values
        (?, ?, ?, ?, ?, ?, ?, ?, ?, ?, ?, ?, ?, ?)
Hibernate: 
    insert 
    into
        clientes
        (advogado_id, ativo, atualizado_em, cidade, cpf_cnpj, criado_em, data_cadastro, email, estado, nome, telefone, tipo, unidade_id, id) 
    values
        (?, ?, ?, ?, ?, ?, ?, ?, ?, ?, ?, ?, ?, ?)
Hibernate: 
    select
        c1_0.id,
        c1_0.advogado_id,
        c1_0.ativo,
        c1_0.atualizado_em,
        c1_0.cidade,
        c1_0.cpf_cnpj,
        c1_0.criado_em,
        c1_0.data_cadastro,
        c1_0.email,
        c1_0.estado,
        c1_0.nome,
        c1_0.telefone,
        c1_0.tipo,
        c1_0.unidade_id 
    from
        clientes c1_0 
    where
        c1_0.ativo=true 
        and (
            ? is null 
            or c1_0.unidade_id=?
        ) 
        and (
            ? is null 
            or lower(c1_0.nome) like lower(('%'||?||'%')) escape '' 
            or lower(c1_0.email) like lower(('%'||?||'%')) escape '' 
            or c1_0.cpf_cnpj like ('%'||?||'%') escape ''
        ) 
    fetch
        first ? rows only
Hibernate: 
    select
        c1_0.id,
        c1_0.advogado_id,
        c1_0.ativo,
        c1_0.atualizado_em,
        c1_0.cidade,
        c1_0.cpf_cnpj,
        c1_0.criado_em,
        c1_0.data_cadastro,
        c1_0.email,
        c1_0.estado,
        c1_0.nome,
        c1_0.telefone,
        c1_0.tipo,
        c1_0.unidade_id 
    from
        clientes c1_0 
    where
        c1_0.ativo=true 
        and (
            ? is null 
            or c1_0.unidade_id=?
        ) 
        and (
            ? is null 
            or lower(c1_0.nome) like lower(('%'||?||'%')) escape '' 
            or lower(c1_0.email) like lower(('%'||?||'%')) escape '' 
            or c1_0.cpf_cnpj like ('%'||?||'%') escape ''
        ) 
    fetch
        first ? rows only
Hibernate: 
    select
        c1_0.id,
        c1_0.advogado_id,
        c1_0.ativo,
        c1_0.atualizado_em,
        c1_0.cidade,
        c1_0.cpf_cnpj,
        c1_0.criado_em,
        c1_0.data_cadastro,
        c1_0.email,
        c1_0.estado,
        c1_0.nome,
        c1_0.telefone,
        c1_0.tipo,
        c1_0.unidade_id 
    from
        clientes c1_0 
    where
        c1_0.ativo=true 
        and (
            ? is null 
            or c1_0.unidade_id=?
        ) 
        and (
            ? is null 
            or lower(c1_0.nome) like lower(('%'||?||'%')) escape '' 
            or lower(c1_0.email) like lower(('%'||?||'%')) escape '' 
            or c1_0.cpf_cnpj like ('%'||?||'%') escape ''
        ) 
    fetch
        first ? rows only
]]></system-out>
  </testcase>
  <testcase name="countByAtivoTrue" classname="com.viana.repository.ClienteRepositoryTest" time="0.076">
    <system-out><![CDATA[Hibernate: 
    insert 
    into
        unidades
        (cidade, estado, nome, id) 
    values
        (?, ?, ?, ?)
Hibernate: 
    insert 
    into
        unidades
        (cidade, estado, nome, id) 
    values
        (?, ?, ?, ?)
Hibernate: 
    insert 
    into
        clientes
        (advogado_id, ativo, atualizado_em, cidade, cpf_cnpj, criado_em, data_cadastro, email, estado, nome, telefone, tipo, unidade_id, id) 
    values
        (?, ?, ?, ?, ?, ?, ?, ?, ?, ?, ?, ?, ?, ?)
Hibernate: 
    insert 
    into
        clientes
        (advogado_id, ativo, atualizado_em, cidade, cpf_cnpj, criado_em, data_cadastro, email, estado, nome, telefone, tipo, unidade_id, id) 
    values
        (?, ?, ?, ?, ?, ?, ?, ?, ?, ?, ?, ?, ?, ?)
Hibernate: 
    insert 
    into
        clientes
        (advogado_id, ativo, atualizado_em, cidade, cpf_cnpj, criado_em, data_cadastro, email, estado, nome, telefone, tipo, unidade_id, id) 
    values
        (?, ?, ?, ?, ?, ?, ?, ?, ?, ?, ?, ?, ?, ?)
Hibernate: 
    select
        count(c1_0.id) 
    from
        clientes c1_0 
    where
        c1_0.ativo
]]></system-out>
  </testcase>
</testsuite>